<?xml version="1.0" encoding="UTF-8"?>
<testsuite name="plugin.enemydown.command.EnemyDownCommandTest" tests="3" skipped="0" failures="0" errors="0" timestamp="2023-10-13T01:42:12" hostname="Macbook-Air.local" time="0.197">
  <properties/>
  <testcase name="getDifficultyに渡す引数のargsの最初の文字列がhardの時にhardの文字列が返ること()" classname="plugin.enemydown.command.EnemyDownCommandTest" time="0.16"/>
  <testcase name="getDifficultyに渡す引数のargsの最初の文字列がeasyの時にeasyの文字列が返ること()" classname="plugin.enemydown.command.EnemyDownCommandTest" time="0.018"/>
  <testcase name="getDifficultyに渡す引数のargsの最初の文字列がnormalの時にnormalの文字列が返ること()" classname="plugin.enemydown.command.EnemyDownCommandTest" time="0.017"/>
  <system-out><![CDATA[]]></system-out>
  <system-err><![CDATA[]]></system-err>
</testsuite>
